[09:39:29 - SimpleAsyncTaskExecutor-22] WARN  org.springframework.jdbc.support.SQLErrorCodesFactory  - Error while extracting database product name - falling back to empty error codes
org.springframework.jdbc.support.MetaDataAccessException: Could not get Connection for extracting meta data; nested exception is org.springframework.jdbc.CannotGetJdbcConnectionException: Could not get JDBC Connection; nested exception is org.apache.commons.dbcp.SQLNestedException: Cannot get a connection, pool error Timeout waiting for idle object
	at org.springframework.jdbc.support.JdbcUtils.extractDatabaseMetaData(JdbcUtils.java:293)
	at org.springframework.jdbc.support.JdbcUtils.extractDatabaseMetaData(JdbcUtils.java:320)
	at org.springframework.jdbc.support.SQLErrorCodesFactory.getErrorCodes(SQLErrorCodesFactory.java:214)
	at org.springframework.jdbc.support.SQLErrorCodeSQLExceptionTranslator.setDataSource(SQLErrorCodeSQLExceptionTranslator.java:140)
	at org.springframework.jdbc.support.SQLErrorCodeSQLExceptionTranslator.<init>(SQLErrorCodeSQLExceptionTranslator.java:103)
	at org.springframework.orm.hibernate3.SessionFactoryUtils.newJdbcExceptionTranslator(SessionFactoryUtils.java:145)
	at org.springframework.orm.hibernate3.HibernateAccessor.getDefaultJdbcExceptionTranslator(HibernateAccessor.java:452)
	at org.springframework.orm.hibernate3.HibernateAccessor.convertHibernateAccessException(HibernateAccessor.java:410)
	at org.springframework.orm.hibernate3.HibernateTemplate.doExecute(HibernateTemplate.java:411)
	at org.springframework.orm.hibernate3.HibernateTemplate.executeWithNativeSession(HibernateTemplate.java:374)
	at org.yamj.core.database.dao.ArtworkDao.getArtworkQueueForScanning(ArtworkDao.java:69)
	at org.yamj.core.service.Scheduler.scanArtwork(Scheduler.java:178)
	at org.yamj.core.service.Scheduler$$FastClassByCGLIB$$55618d72.invoke(<generated>)
	at org.springframework.cglib.proxy.MethodProxy.invoke(MethodProxy.java:204)
	at org.springframework.aop.framework.CglibAopProxy$CglibMethodInvocation.invokeJoinpoint(CglibAopProxy.java:698)
	at org.springframework.aop.framework.ReflectiveMethodInvocation.proceed(ReflectiveMethodInvocation.java:150)
	at org.springframework.aop.interceptor.AsyncExecutionInterceptor$1.call(AsyncExecutionInterceptor.java:89)
	at java.util.concurrent.FutureTask$Sync.innerRun(Unknown Source)
	at java.util.concurrent.FutureTask.run(Unknown Source)
	at java.lang.Thread.run(Unknown Source)
Caused by: org.springframework.jdbc.CannotGetJdbcConnectionException: Could not get JDBC Connection; nested exception is org.apache.commons.dbcp.SQLNestedException: Cannot get a connection, pool error Timeout waiting for idle object
	at org.springframework.jdbc.datasource.DataSourceUtils.getConnection(DataSourceUtils.java:80)
	at org.springframework.jdbc.support.JdbcUtils.extractDatabaseMetaData(JdbcUtils.java:280)
	... 19 more
Caused by: org.apache.commons.dbcp.SQLNestedException: Cannot get a connection, pool error Timeout waiting for idle object
	at org.apache.commons.dbcp.PoolingDataSource.getConnection(PoolingDataSource.java:114)
	at org.apache.commons.dbcp.BasicDataSource.getConnection(BasicDataSource.java:1044)
	at org.springframework.jdbc.datasource.DataSourceUtils.doGetConnection(DataSourceUtils.java:111)
	at org.springframework.jdbc.datasource.DataSourceUtils.getConnection(DataSourceUtils.java:77)
	... 20 more
Caused by: java.util.NoSuchElementException: Timeout waiting for idle object
	at org.apache.commons.pool.impl.GenericObjectPool.borrowObject(GenericObjectPool.java:1174)
	at org.apache.commons.dbcp.PoolingDataSource.getConnection(PoolingDataSource.java:106)
	... 23 more
[09:39:54 - SimpleAsyncTaskExecutor-23] WARN  org.springframework.jdbc.support.SQLErrorCodesFactory  - Error while extracting database product name - falling back to empty error codes
org.springframework.jdbc.support.MetaDataAccessException: Could not get Connection for extracting meta data; nested exception is org.springframework.jdbc.CannotGetJdbcConnectionException: Could not get JDBC Connection; nested exception is org.apache.commons.dbcp.SQLNestedException: Cannot get a connection, pool error Timeout waiting for idle object
	at org.springframework.jdbc.support.JdbcUtils.extractDatabaseMetaData(JdbcUtils.java:293)
	at org.springframework.jdbc.support.JdbcUtils.extractDatabaseMetaData(JdbcUtils.java:320)
	at org.springframework.jdbc.support.SQLErrorCodesFactory.getErrorCodes(SQLErrorCodesFactory.java:214)
	at org.springframework.jdbc.support.SQLErrorCodeSQLExceptionTranslator.setDataSource(SQLErrorCodeSQLExceptionTranslator.java:140)
	at org.springframework.jdbc.support.SQLErrorCodeSQLExceptionTranslator.<init>(SQLErrorCodeSQLExceptionTranslator.java:103)
	at org.springframework.orm.hibernate3.SessionFactoryUtils.newJdbcExceptionTranslator(SessionFactoryUtils.java:145)
	at org.springframework.orm.hibernate3.HibernateAccessor.getDefaultJdbcExceptionTranslator(HibernateAccessor.java:452)
	at org.springframework.orm.hibernate3.HibernateAccessor.convertHibernateAccessException(HibernateAccessor.java:410)
	at org.springframework.orm.hibernate3.HibernateTemplate.doExecute(HibernateTemplate.java:411)
	at org.springframework.orm.hibernate3.HibernateTemplate.executeWithNativeSession(HibernateTemplate.java:374)
	at org.yamj.core.database.dao.StagingDao.getNextStageFileId(StagingDao.java:88)
	at org.yamj.core.service.Scheduler.processStageFiles(Scheduler.java:93)
	at org.yamj.core.service.Scheduler$$FastClassByCGLIB$$55618d72.invoke(<generated>)
	at org.springframework.cglib.proxy.MethodProxy.invoke(MethodProxy.java:204)
	at org.springframework.aop.framework.CglibAopProxy$CglibMethodInvocation.invokeJoinpoint(CglibAopProxy.java:698)
	at org.springframework.aop.framework.ReflectiveMethodInvocation.proceed(ReflectiveMethodInvocation.java:150)
	at org.springframework.aop.interceptor.AsyncExecutionInterceptor$1.call(AsyncExecutionInterceptor.java:89)
	at java.util.concurrent.FutureTask$Sync.innerRun(Unknown Source)
	at java.util.concurrent.FutureTask.run(Unknown Source)
	at java.lang.Thread.run(Unknown Source)
Caused by: org.springframework.jdbc.CannotGetJdbcConnectionException: Could not get JDBC Connection; nested exception is org.apache.commons.dbcp.SQLNestedException: Cannot get a connection, pool error Timeout waiting for idle object
	at org.springframework.jdbc.datasource.DataSourceUtils.getConnection(DataSourceUtils.java:80)
	at org.springframework.jdbc.support.JdbcUtils.extractDatabaseMetaData(JdbcUtils.java:280)
	... 19 more
Caused by: org.apache.commons.dbcp.SQLNestedException: Cannot get a connection, pool error Timeout waiting for idle object
	at org.apache.commons.dbcp.PoolingDataSource.getConnection(PoolingDataSource.java:114)
	at org.apache.commons.dbcp.BasicDataSource.getConnection(BasicDataSource.java:1044)
	at org.springframework.jdbc.datasource.DataSourceUtils.doGetConnection(DataSourceUtils.java:111)
	at org.springframework.jdbc.datasource.DataSourceUtils.getConnection(DataSourceUtils.java:77)
	... 20 more
Caused by: java.util.NoSuchElementException: Timeout waiting for idle object
	at org.apache.commons.pool.impl.GenericObjectPool.borrowObject(GenericObjectPool.java:1174)
	at org.apache.commons.dbcp.PoolingDataSource.getConnection(PoolingDataSource.java:106)
	... 23 more
[09:40:14 - SimpleAsyncTaskExecutor-25] WARN  org.springframework.jdbc.support.SQLErrorCodesFactory  - Error while extracting database product name - falling back to empty error codes
org.springframework.jdbc.support.MetaDataAccessException: Could not get Connection for extracting meta data; nested exception is org.springframework.jdbc.CannotGetJdbcConnectionException: Could not get JDBC Connection; nested exception is org.apache.commons.dbcp.SQLNestedException: Cannot get a connection, pool error Timeout waiting for idle object
	at org.springframework.jdbc.support.JdbcUtils.extractDatabaseMetaData(JdbcUtils.java:293)
	at org.springframework.jdbc.support.JdbcUtils.extractDatabaseMetaData(JdbcUtils.java:320)
	at org.springframework.jdbc.support.SQLErrorCodesFactory.getErrorCodes(SQLErrorCodesFactory.java:214)
	at org.springframework.jdbc.support.SQLErrorCodeSQLExceptionTranslator.setDataSource(SQLErrorCodeSQLExceptionTranslator.java:140)
	at org.springframework.jdbc.support.SQLErrorCodeSQLExceptionTranslator.<init>(SQLErrorCodeSQLExceptionTranslator.java:103)
	at org.springframework.orm.hibernate3.SessionFactoryUtils.newJdbcExceptionTranslator(SessionFactoryUtils.java:145)
	at org.springframework.orm.hibernate3.HibernateAccessor.getDefaultJdbcExceptionTranslator(HibernateAccessor.java:452)
	at org.springframework.orm.hibernate3.HibernateAccessor.convertHibernateAccessException(HibernateAccessor.java:410)
	at org.springframework.orm.hibernate3.HibernateTemplate.doExecute(HibernateTemplate.java:411)
	at org.springframework.orm.hibernate3.HibernateTemplate.executeWithNativeSession(HibernateTemplate.java:374)
	at org.yamj.core.database.dao.MediaDao.getMediaQueueForScanning(MediaDao.java:132)
	at org.yamj.core.service.Scheduler.scanMediaData(Scheduler.java:119)
	at org.yamj.core.service.Scheduler$$FastClassByCGLIB$$55618d72.invoke(<generated>)
	at org.springframework.cglib.proxy.MethodProxy.invoke(MethodProxy.java:204)
	at org.springframework.aop.framework.CglibAopProxy$CglibMethodInvocation.invokeJoinpoint(CglibAopProxy.java:698)
	at org.springframework.aop.framework.ReflectiveMethodInvocation.proceed(ReflectiveMethodInvocation.java:150)
	at org.springframework.aop.interceptor.AsyncExecutionInterceptor$1.call(AsyncExecutionInterceptor.java:89)
	at java.util.concurrent.FutureTask$Sync.innerRun(Unknown Source)
	at java.util.concurrent.FutureTask.run(Unknown Source)
	at java.lang.Thread.run(Unknown Source)
Caused by: org.springframework.jdbc.CannotGetJdbcConnectionException: Could not get JDBC Connection; nested exception is org.apache.commons.dbcp.SQLNestedException: Cannot get a connection, pool error Timeout waiting for idle object
	at org.springframework.jdbc.datasource.DataSourceUtils.getConnection(DataSourceUtils.java:80)
	at org.springframework.jdbc.support.JdbcUtils.extractDatabaseMetaData(JdbcUtils.java:280)
	... 19 more
Caused by: org.apache.commons.dbcp.SQLNestedException: Cannot get a connection, pool error Timeout waiting for idle object
	at org.apache.commons.dbcp.PoolingDataSource.getConnection(PoolingDataSource.java:114)
	at org.apache.commons.dbcp.BasicDataSource.getConnection(BasicDataSource.java:1044)
	at org.springframework.jdbc.datasource.DataSourceUtils.doGetConnection(DataSourceUtils.java:111)
	at org.springframework.jdbc.datasource.DataSourceUtils.getConnection(DataSourceUtils.java:77)
	... 20 more
Caused by: java.util.NoSuchElementException: Timeout waiting for idle object
	at org.apache.commons.pool.impl.GenericObjectPool.borrowObject(GenericObjectPool.java:1174)
	at org.apache.commons.dbcp.PoolingDataSource.getConnection(PoolingDataSource.java:106)
	... 23 more
[09:40:14 - SimpleAsyncTaskExecutor-24] WARN  org.springframework.jdbc.support.SQLErrorCodesFactory  - Error while extracting database product name - falling back to empty error codes
org.springframework.jdbc.support.MetaDataAccessException: Could not get Connection for extracting meta data; nested exception is org.springframework.jdbc.CannotGetJdbcConnectionException: Could not get JDBC Connection; nested exception is org.apache.commons.dbcp.SQLNestedException: Cannot get a connection, pool error Timeout waiting for idle object
	at org.springframework.jdbc.support.JdbcUtils.extractDatabaseMetaData(JdbcUtils.java:293)
	at org.springframework.jdbc.support.JdbcUtils.extractDatabaseMetaData(JdbcUtils.java:320)
	at org.springframework.jdbc.support.SQLErrorCodesFactory.getErrorCodes(SQLErrorCodesFactory.java:214)
	at org.springframework.jdbc.support.SQLErrorCodeSQLExceptionTranslator.setDataSource(SQLErrorCodeSQLExceptionTranslator.java:140)
	at org.springframework.jdbc.support.SQLErrorCodeSQLExceptionTranslator.<init>(SQLErrorCodeSQLExceptionTranslator.java:103)
	at org.springframework.orm.hibernate3.SessionFactoryUtils.newJdbcExceptionTranslator(SessionFactoryUtils.java:145)
	at org.springframework.orm.hibernate3.HibernateAccessor.getDefaultJdbcExceptionTranslator(HibernateAccessor.java:452)
	at org.springframework.orm.hibernate3.HibernateAccessor.convertHibernateAccessException(HibernateAccessor.java:410)
	at org.springframework.orm.hibernate3.HibernateTemplate.doExecute(HibernateTemplate.java:411)
	at org.springframework.orm.hibernate3.HibernateTemplate.executeWithNativeSession(HibernateTemplate.java:374)
	at org.yamj.core.database.dao.PersonDao.getPersonQueueForScanning(PersonDao.java:72)
	at org.yamj.core.service.Scheduler.scanPeopleData(Scheduler.java:148)
	at org.yamj.core.service.Scheduler$$FastClassByCGLIB$$55618d72.invoke(<generated>)
	at org.springframework.cglib.proxy.MethodProxy.invoke(MethodProxy.java:204)
	at org.springframework.aop.framework.CglibAopProxy$CglibMethodInvocation.invokeJoinpoint(CglibAopProxy.java:698)
	at org.springframework.aop.framework.ReflectiveMethodInvocation.proceed(ReflectiveMethodInvocation.java:150)
	at org.springframework.aop.interceptor.AsyncExecutionInterceptor$1.call(AsyncExecutionInterceptor.java:89)
	at java.util.concurrent.FutureTask$Sync.innerRun(Unknown Source)
	at java.util.concurrent.FutureTask.run(Unknown Source)
	at java.lang.Thread.run(Unknown Source)
Caused by: org.springframework.jdbc.CannotGetJdbcConnectionException: Could not get JDBC Connection; nested exception is org.apache.commons.dbcp.SQLNestedException: Cannot get a connection, pool error Timeout waiting for idle object
	at org.springframework.jdbc.datasource.DataSourceUtils.getConnection(DataSourceUtils.java:80)
	at org.springframework.jdbc.support.JdbcUtils.extractDatabaseMetaData(JdbcUtils.java:280)
	... 19 more
Caused by: org.apache.commons.dbcp.SQLNestedException: Cannot get a connection, pool error Timeout waiting for idle object
	at org.apache.commons.dbcp.PoolingDataSource.getConnection(PoolingDataSource.java:114)
	at org.apache.commons.dbcp.BasicDataSource.getConnection(BasicDataSource.java:1044)
	at org.springframework.jdbc.datasource.DataSourceUtils.doGetConnection(DataSourceUtils.java:111)
	at org.springframework.jdbc.datasource.DataSourceUtils.getConnection(DataSourceUtils.java:77)
	... 20 more
Caused by: java.util.NoSuchElementException: Timeout waiting for idle object
	at org.apache.commons.pool.impl.GenericObjectPool.borrowObject(GenericObjectPool.java:1174)
	at org.apache.commons.dbcp.PoolingDataSource.getConnection(PoolingDataSource.java:106)
	... 23 more
